0 info it worked if it ends with ok
1 verbose cli [ 'C:\\Program Files\\nodejs\\node.exe',
1 verbose cli   'C:\\Program Files\\nodejs\\node_modules\\npm\\bin\\npm-cli.js',
1 verbose cli   'run',
1 verbose cli   'lite' ]
2 info using npm@3.10.8
3 info using node@v6.9.1
4 verbose run-script [ 'prelite', 'lite', 'postlite' ]
5 info lifecycle test@0.0.1~prelite: test@0.0.1
6 silly lifecycle test@0.0.1~prelite: no script for prelite, continuing
7 info lifecycle test@0.0.1~lite: test@0.0.1
8 verbose lifecycle test@0.0.1~lite: unsafe-perm in lifecycle true
9 verbose lifecycle test@0.0.1~lite: PATH: C:\Program Files\nodejs\node_modules\npm\bin\node-gyp-bin;F:\ts\sunew\node_modules\.bin;C:\WINDOWS\system32;C:\WINDOWS;C:\WINDOWS\System32\Wbem;C:\WINDOWS\System32\WindowsPowerShell\v1.0\;C:\Program Files (x86)\ATI Technologies\ATI.ACE\Core-Static;C:\Program Files\nodejs\;C:\Program Files\Git\cmd;F:\xampp\php;C:\Users\pu\AppData\Local\Microsoft\WindowsApps;;C:\Program Files (x86)\Microsoft VS Code\bin;C:\Users\pu\AppData\Roaming\npm
10 verbose lifecycle test@0.0.1~lite: CWD: F:\ts\sunew
11 silly lifecycle test@0.0.1~lite: Args: [ '/d /s /c', 'lite-server' ]
12 silly lifecycle test@0.0.1~lite: Returned: code: 3221225786  signal: null
13 info lifecycle test@0.0.1~lite: Failed to exec lite script
14 verbose stack Error: test@0.0.1 lite: `lite-server`
14 verbose stack Exit status 3221225786
14 verbose stack     at EventEmitter.<anonymous> (C:\Program Files\nodejs\node_modules\npm\lib\utils\lifecycle.js:255:16)
14 verbose stack     at emitTwo (events.js:106:13)
14 verbose stack     at EventEmitter.emit (events.js:191:7)
14 verbose stack     at ChildProcess.<anonymous> (C:\Program Files\nodejs\node_modules\npm\lib\utils\spawn.js:40:14)
14 verbose stack     at emitTwo (events.js:106:13)
14 verbose stack     at ChildProcess.emit (events.js:191:7)
14 verbose stack     at maybeClose (internal/child_process.js:877:16)
14 verbose stack     at Process.ChildProcess._handle.onexit (internal/child_process.js:226:5)
15 verbose pkgid test@0.0.1
16 verbose cwd F:\ts\sunew\src
17 error Windows_NT 10.0.14393
18 error argv "C:\\Program Files\\nodejs\\node.exe" "C:\\Program Files\\nodejs\\node_modules\\npm\\bin\\npm-cli.js" "run" "lite"
19 error node v6.9.1
20 error npm  v3.10.8
21 error code ELIFECYCLE
22 error test@0.0.1 lite: `lite-server`
22 error Exit status 3221225786
23 error Failed at the test@0.0.1 lite script 'lite-server'.
23 error Make sure you have the latest version of node.js and npm installed.
23 error If you do, this is most likely a problem with the test package,
23 error not with npm itself.
23 error Tell the author that this fails on your system:
23 error     lite-server
23 error You can get information on how to open an issue for this project with:
23 error     npm bugs test
23 error Or if that isn't available, you can get their info via:
23 error     npm owner ls test
23 error There is likely additional logging output above.
24 verbose exit [ 1, true ]
